2025-03-17 02:47:03,883 - __main__ - INFO - Creating virtual environment...
2025-03-17 02:47:22,916 - __main__ - INFO - Installing dependencies...
2025-03-17 02:47:22,917 - __main__ - ERROR - Unexpected error: [WinError 2] The system cannot find the file specified
2025-03-17 02:50:17,929 - __main__ - INFO - Creating virtual environment...
2025-03-17 02:50:28,760 - __main__ - INFO - Installing dependencies...
2025-03-17 02:50:28,762 - __main__ - ERROR - Unexpected error: [WinError 2] The system cannot find the file specified
2025-03-17 02:50:56,436 - __main__ - INFO - Creating virtual environment...
2025-03-17 02:51:09,840 - __main__ - INFO - Installing dependencies...
2025-03-17 02:52:08,015 - __main__ - ERROR - Failed to setup environment: Command '['C:\\Users\\ArjunRao\\Desktop\\Work\\Cosmon\\AIChatRecorder\\server\\venv\\bin\\pip.exe', 'install', '-r', 'requirements.txt']' returned non-zero exit status 1.
2025-03-17 02:52:08,021 - __main__ - ERROR - Unexpected error: Command '['C:\\Users\\ArjunRao\\Desktop\\Work\\Cosmon\\AIChatRecorder\\server\\venv\\bin\\pip.exe', 'install', '-r', 'requirements.txt']' returned non-zero exit status 1.
2025-03-17 02:54:07,384 - __main__ - INFO - Creating virtual environment...
2025-03-17 02:54:18,628 - __main__ - INFO - Installing dependencies...
2025-03-17 02:55:10,607 - __main__ - ERROR - Failed to setup environment: Command '['C:\\Users\\ArjunRao\\Desktop\\Work\\Cosmon\\AIChatRecorder\\server\\venv\\bin\\pip.exe', 'install', '-r', 'requirements.txt']' returned non-zero exit status 1.
2025-03-17 02:55:10,607 - __main__ - ERROR - Unexpected error: Command '['C:\\Users\\ArjunRao\\Desktop\\Work\\Cosmon\\AIChatRecorder\\server\\venv\\bin\\pip.exe', 'install', '-r', 'requirements.txt']' returned non-zero exit status 1.
2025-03-17 03:25:28,986 - __main__ - INFO - Creating virtual environment...
2025-03-17 03:25:29,123 - __main__ - ERROR - Failed to setup environment: Command '['/usr/bin/python3', '-m', 'venv', 'venv']' returned non-zero exit status 1.
2025-03-17 03:25:29,124 - __main__ - ERROR - Unexpected error: Command '['/usr/bin/python3', '-m', 'venv', 'venv']' returned non-zero exit status 1.
2025-03-17 03:26:15,575 - __main__ - INFO - Creating virtual environment...
2025-03-17 03:26:15,706 - __main__ - ERROR - Failed to setup environment: Command '['/usr/bin/python3', '-m', 'venv', 'venv']' returned non-zero exit status 1.
2025-03-17 03:26:15,706 - __main__ - ERROR - Unexpected error: Command '['/usr/bin/python3', '-m', 'venv', 'venv']' returned non-zero exit status 1.
2025-03-17 03:32:10,889 - __main__ - INFO - Creating virtual environment...
2025-03-17 03:32:52,016 - __main__ - ERROR - Failed to setup environment: Command '['/usr/bin/python3', '-m', 'venv', 'venv']' returned non-zero exit status 1.
2025-03-17 03:32:52,016 - __main__ - ERROR - Unexpected error: Command '['/usr/bin/python3', '-m', 'venv', 'venv']' returned non-zero exit status 1.
2025-03-17 11:19:19,972 - __main__ - INFO - Creating virtual environment...
2025-03-17 11:19:52,088 - __main__ - ERROR - Failed to setup environment: Command '['/usr/bin/python3', '-m', 'venv', 'venv']' returned non-zero exit status 1.
2025-03-17 11:19:52,088 - __main__ - ERROR - Unexpected error: Command '['/usr/bin/python3', '-m', 'venv', 'venv']' returned non-zero exit status 1.
2025-03-17 11:22:04,168 - __main__ - INFO - Creating virtual environment...
2025-03-17 11:22:06,279 - __main__ - ERROR - Failed to setup environment: Command '['/usr/bin/python3', '-m', 'venv', 'venv']' returned non-zero exit status 1.
2025-03-17 11:22:06,280 - __main__ - ERROR - Unexpected error: Command '['/usr/bin/python3', '-m', 'venv', 'venv']' returned non-zero exit status 1.
2025-03-17 11:22:19,682 - __main__ - INFO - Creating virtual environment...
2025-03-17 11:22:52,000 - __main__ - ERROR - Failed to setup environment: Command '['/usr/bin/python3', '-m', 'venv', 'venv']' returned non-zero exit status 1.
2025-03-17 11:22:52,001 - __main__ - ERROR - Unexpected error: Command '['/usr/bin/python3', '-m', 'venv', 'venv']' returned non-zero exit status 1.
